# JRE version: OpenJDK Runtime Environment Temurin-21.0.12.1+1 (21.0.12.1+1) (build 21.0.12.1+1-LTS)
# Java VM: OpenJDK 64-Bit Server VM Temurin-21.0.12.1+1 (21.0.12.1+1-LTS, mixed mode, sharing, tiered, compressed oops, compressed class ptrs, parallel gc, windows-amd64)
GC Precious Log:
 CardTable entry size: 512
 CPUs: 4 total, 4 available
 Memory: 8066M
 Large Page Support: Disabled
 NUMA Support: Disabled
 Compressed Oops: Enabled (32-bit)
 Alignments: Space 512K, Generation 512K, Heap 2M
 Heap Min Capacity: 100M
 Heap Initial Capacity: 100M
 Heap Max Capacity: 2G
 Pre-touch: Disabled
 Parallel Workers: 4
Heap:
 PSYoungGen      total 7680K, used 2479K [0x00000000d5580000, 0x00000000d6200000, 0x0000000100000000)
  eden space 7168K, 27% used [0x00000000d5580000,0x00000000d576dae8,0x00000000d5c80000)
  from space 512K, 98% used [0x00000000d6180000,0x00000000d61fe410,0x00000000d6200000)
  to   space 1024K, 0% used [0x00000000d6000000,0x00000000d6000000,0x00000000d6100000)
 ParOldGen       total 121344K, used 121137K [0x0000000080000000, 0x0000000087680000, 0x00000000d5580000)
  object space 121344K, 99% used [0x0000000080000000,0x000000008764c428,0x0000000087680000)
 Metaspace       used 80887K, committed 82688K, reserved 1179648K
  class space    used 8216K, committed 9024K, reserved 1048576K
GC Heap History (20 events):
Event: 3865.278 GC heap before
{Heap before GC invocations=213 (full 4):
 PSYoungGen      total 7680K, used 7620K [0x00000000d5580000, 0x00000000d6280000, 0x0000000100000000)
  eden space 7168K, 100% used [0x00000000d5580000,0x00000000d5c80000,0x00000000d5c80000)
  from space 512K, 88% used [0x00000000d6200000,0x00000000d6271210,0x00000000d6280000)
  to   space 512K, 0% used [0x00000000d6180000,0x00000000d6180000,0x00000000d6200000)
 ParOldGen       total 117760K, used 117717K [0x0000000080000000, 0x0000000087300000, 0x00000000d5580000)
  object space 117760K, 99% used [0x0000000080000000,0x00000000872f57d8,0x0000000087300000)
 Metaspace       used 80759K, committed 82496K, reserved 1179648K
  class space    used 8216K, committed 9024K, reserved 1048576K
}
Event: 3865.279 GC heap after
{Heap after GC invocations=213 (full 4):
 PSYoungGen      total 7680K, used 484K [0x00000000d5580000, 0x00000000d6280000, 0x0000000100000000)
  eden space 7168K, 0% used [0x00000000d5580000,0x00000000d5580000,0x00000000d5c80000)
  from space 512K, 94% used [0x00000000d6180000,0x00000000d61f9210,0x00000000d6200000)
  to   space 512K, 0% used [0x00000000d6200000,0x00000000d6200000,0x00000000d6280000)
 ParOldGen       total 118272K, used 117805K [0x0000000080000000, 0x0000000087380000, 0x00000000d5580000)
  object space 118272K, 99% used [0x0000000080000000,0x000000008730b7d8,0x0000000087380000)
 Metaspace       used 80759K, committed 82496K, reserved 1179648K
  class space    used 8216K, committed 9024K, reserved 1048576K
}
Event: 3865.740 GC heap before
{Heap before GC invocations=214 (full 4):
 PSYoungGen      total 7680K, used 7652K [0x00000000d5580000, 0x00000000d6280000, 0x0000000100000000)
  eden space 7168K, 100% used [0x00000000d5580000,0x00000000d5c80000,0x00000000d5c80000)
  from space 512K, 94% used [0x00000000d6180000,0x00000000d61f9210,0x00000000d6200000)
  to   space 512K, 0% used [0x00000000d6200000,0x00000000d6200000,0x00000000d6280000)
 ParOldGen       total 118272K, used 117805K [0x0000000080000000, 0x0000000087380000, 0x00000000d5580000)
  object space 118272K, 99% used [0x0000000080000000,0x000000008730b7d8,0x0000000087380000)
 Metaspace       used 80770K, committed 82496K, reserved 1179648K
  class space    used 8216K, committed 9024K, reserved 1048576K
}
Event: 3865.741 GC heap after
{Heap after GC invocations=214 (full 4):
 PSYoungGen      total 7680K, used 148K [0x00000000d5580000, 0x00000000d6280000, 0x0000000100000000)
  eden space 7168K, 0% used [0x00000000d5580000,0x00000000d5580000,0x00000000d5c80000)
  from space 512K, 29% used [0x00000000d6200000,0x00000000d6225200,0x00000000d6280000)
  to   space 512K, 0% used [0x00000000d6180000,0x00000000d6180000,0x00000000d6200000)
 ParOldGen       total 118784K, used 118274K [0x0000000080000000, 0x0000000087400000, 0x00000000d5580000)
  object space 118784K, 99% used [0x0000000080000000,0x00000000873809e8,0x0000000087400000)
 Metaspace       used 80770K, committed 82496K, reserved 1179648K
  class space    used 8216K, committed 9024K, reserved 1048576K
}
Event: 3866.198 GC heap before
{Heap before GC invocations=215 (full 4):
 PSYoungGen      total 7680K, used 7313K [0x00000000d5580000, 0x00000000d6280000, 0x0000000100000000)
  eden space 7168K, 99% used [0x00000000d5580000,0x00000000d5c7f598,0x00000000d5c80000)
  from space 512K, 29% used [0x00000000d6200000,0x00000000d6225200,0x00000000d6280000)
  to   space 512K, 0% used [0x00000000d6180000,0x00000000d6180000,0x00000000d6200000)
 ParOldGen       total 118784K, used 118274K [0x0000000080000000, 0x0000000087400000, 0x00000000d5580000)
  object space 118784K, 99% used [0x0000000080000000,0x00000000873809e8,0x0000000087400000)
 Metaspace       used 80802K, committed 82560K, reserved 1179648K
  class space    used 8216K, committed 9024K, reserved 1048576K
}
Event: 3866.200 GC heap after
{Heap after GC invocations=215 (full 4):
 PSYoungGen      total 7680K, used 512K [0x00000000d5580000, 0x00000000d6280000, 0x0000000100000000)
  eden space 7168K, 0% used [0x00000000d5580000,0x00000000d5580000,0x00000000d5c80000)
  from space 512K, 100% used [0x00000000d6180000,0x00000000d6200000,0x00000000d6200000)
  to   space 512K, 0% used [0x00000000d6200000,0x00000000d6200000,0x00000000d6280000)
 ParOldGen       total 119296K, used 118803K [0x0000000080000000, 0x0000000087480000, 0x00000000d5580000)
  object space 119296K, 99% used [0x0000000080000000,0x0000000087404df8,0x0000000087480000)
 Metaspace       used 80802K, committed 82560K, reserved 1179648K
  class space    used 8216K, committed 9024K, reserved 1048576K
}
Event: 3867.087 GC heap before
{Heap before GC invocations=216 (full 4):
 PSYoungGen      total 7680K, used 7679K [0x00000000d5580000, 0x00000000d6280000, 0x0000000100000000)
  eden space 7168K, 99% used [0x00000000d5580000,0x00000000d5c7ffc0,0x00000000d5c80000)
  from space 512K, 100% used [0x00000000d6180000,0x00000000d6200000,0x00000000d6200000)
  to   space 512K, 0% used [0x00000000d6200000,0x00000000d6200000,0x00000000d6280000)
 ParOldGen       total 119296K, used 118803K [0x0000000080000000, 0x0000000087480000, 0x00000000d5580000)
  object space 119296K, 99% used [0x0000000080000000,0x0000000087404df8,0x0000000087480000)
 Metaspace       used 80812K, committed 82560K, reserved 1179648K
  class space    used 8216K, committed 9024K, reserved 1048576K
}
Event: 3867.089 GC heap after
{Heap after GC invocations=216 (full 4):
 PSYoungGen      total 7680K, used 128K [0x00000000d5580000, 0x00000000d6280000, 0x0000000100000000)
  eden space 7168K, 0% used [0x00000000d5580000,0x00000000d5580000,0x00000000d5c80000)
  from space 512K, 25% used [0x00000000d6200000,0x00000000d6220000,0x00000000d6280000)
  to   space 512K, 0% used [0x00000000d6180000,0x00000000d6180000,0x00000000d6200000)
 ParOldGen       total 119808K, used 119331K [0x0000000080000000, 0x0000000087500000, 0x00000000d5580000)
  object space 119808K, 99% used [0x0000000080000000,0x0000000087488df8,0x0000000087500000)
 Metaspace       used 80812K, committed 82560K, reserved 1179648K
  class space    used 8216K, committed 9024K, reserved 1048576K
}
Event: 3867.764 GC heap before
{Heap before GC invocations=217 (full 4):
 PSYoungGen      total 7680K, used 7296K [0x00000000d5580000, 0x00000000d6280000, 0x0000000100000000)
  eden space 7168K, 100% used [0x00000000d5580000,0x00000000d5c80000,0x00000000d5c80000)
  from space 512K, 25% used [0x00000000d6200000,0x00000000d6220000,0x00000000d6280000)
  to   space 512K, 0% used [0x00000000d6180000,0x00000000d6180000,0x00000000d6200000)
 ParOldGen       total 119808K, used 119331K [0x0000000080000000, 0x0000000087500000, 0x00000000d5580000)
  object space 119808K, 99% used [0x0000000080000000,0x0000000087488df8,0x0000000087500000)
 Metaspace       used 80817K, committed 82560K, reserved 1179648K
  class space    used 8216K, committed 9024K, reserved 1048576K
}
Event: 3867.766 GC heap after
{Heap after GC invocations=217 (full 4):
 PSYoungGen      total 7680K, used 484K [0x00000000d5580000, 0x00000000d6280000, 0x0000000100000000)
  eden space 7168K, 0% used [0x00000000d5580000,0x00000000d5580000,0x00000000d5c80000)
  from space 512K, 94% used [0x00000000d6180000,0x00000000d61f9210,0x00000000d6200000)
  to   space 512K, 0% used [0x00000000d6200000,0x00000000d6200000,0x00000000d6280000)
 ParOldGen       total 119808K, used 119435K [0x0000000080000000, 0x0000000087500000, 0x00000000d5580000)
  object space 119808K, 99% used [0x0000000080000000,0x00000000874a2df8,0x0000000087500000)
 Metaspace       used 80817K, committed 82560K, reserved 1179648K
  class space    used 8216K, committed 9024K, reserved 1048576K
}
Event: 3868.495 GC heap before
{Heap before GC invocations=218 (full 4):
 PSYoungGen      total 7680K, used 7652K [0x00000000d5580000, 0x00000000d6280000, 0x0000000100000000)
  eden space 7168K, 99% used [0x00000000d5580000,0x00000000d5c7fff8,0x00000000d5c80000)
  from space 512K, 94% used [0x00000000d6180000,0x00000000d61f9210,0x00000000d6200000)
  to   space 512K, 0% used [0x00000000d6200000,0x00000000d6200000,0x00000000d6280000)
 ParOldGen       total 119808K, used 119435K [0x0000000080000000, 0x0000000087500000, 0x00000000d5580000)
  object space 119808K, 99% used [0x0000000080000000,0x00000000874a2df8,0x0000000087500000)
 Metaspace       used 80830K, committed 82624K, reserved 1179648K
  class space    used 8216K, committed 9024K, reserved 1048576K
}
Event: 3868.498 GC heap after
{Heap after GC invocations=218 (full 4):
 PSYoungGen      total 7680K, used 500K [0x00000000d5580000, 0x00000000d6280000, 0x0000000100000000)
  eden space 7168K, 0% used [0x00000000d5580000,0x00000000d5580000,0x00000000d5c80000)
  from space 512K, 97% used [0x00000000d6200000,0x00000000d627d200,0x00000000d6280000)
  to   space 1536K, 0% used [0x00000000d5f80000,0x00000000d5f80000,0x00000000d6100000)
 ParOldGen       total 120320K, used 120316K [0x0000000080000000, 0x0000000087580000, 0x00000000d5580000)
  object space 120320K, 99% used [0x0000000080000000,0x000000008757f228,0x0000000087580000)
 Metaspace       used 80830K, committed 82624K, reserved 1179648K
  class space    used 8216K, committed 9024K, reserved 1048576K
}
Event: 3869.066 GC heap before
{Heap before GC invocations=219 (full 4):
 PSYoungGen      total 7680K, used 7668K [0x00000000d5580000, 0x00000000d6280000, 0x0000000100000000)
  eden space 7168K, 99% used [0x00000000d5580000,0x00000000d5c7fff8,0x00000000d5c80000)
  from space 512K, 97% used [0x00000000d6200000,0x00000000d627d200,0x00000000d6280000)
  to   space 1536K, 0% used [0x00000000d5f80000,0x00000000d5f80000,0x00000000d6100000)
 ParOldGen       total 120320K, used 120316K [0x0000000080000000, 0x0000000087580000, 0x00000000d5580000)
  object space 120320K, 99% used [0x0000000080000000,0x000000008757f228,0x0000000087580000)
 Metaspace       used 80844K, committed 82624K, reserved 1179648K
  class space    used 8216K, committed 9024K, reserved 1048576K
}
Event: 3869.069 GC heap after
{Heap after GC invocations=219 (full 4):
 PSYoungGen      total 8704K, used 192K [0x00000000d5580000, 0x00000000d6280000, 0x0000000100000000)
  eden space 7168K, 0% used [0x00000000d5580000,0x00000000d5580000,0x00000000d5c80000)
  from space 1536K, 12% used [0x00000000d5f80000,0x00000000d5fb0000,0x00000000d6100000)
  to   space 1024K, 0% used [0x00000000d6180000,0x00000000d6180000,0x00000000d6280000)
 ParOldGen       total 120832K, used 120793K [0x0000000080000000, 0x0000000087600000, 0x00000000d5580000)
  object space 120832K, 99% used [0x0000000080000000,0x00000000875f6428,0x0000000087600000)
 Metaspace       used 80844K, committed 82624K, reserved 1179648K
  class space    used 8216K, committed 9024K, reserved 1048576K
}
Event: 3869.499 GC heap before
{Heap before GC invocations=220 (full 4):
 PSYoungGen      total 8704K, used 7359K [0x00000000d5580000, 0x00000000d6280000, 0x0000000100000000)
  eden space 7168K, 99% used [0x00000000d5580000,0x00000000d5c7fff8,0x00000000d5c80000)
  from space 1536K, 12% used [0x00000000d5f80000,0x00000000d5fb0000,0x00000000d6100000)
  to   space 1024K, 0% used [0x00000000d6180000,0x00000000d6180000,0x00000000d6280000)
 ParOldGen       total 120832K, used 120793K [0x0000000080000000, 0x0000000087600000, 0x00000000d5580000)
  object space 120832K, 99% used [0x0000000080000000,0x00000000875f6428,0x0000000087600000)
 Metaspace       used 80846K, committed 82624K, reserved 1179648K
  class space    used 8216K, committed 9024K, reserved 1048576K
}
Event: 3869.501 GC heap after
{Heap after GC invocations=220 (full 4):
 PSYoungGen      total 8192K, used 586K [0x00000000d5580000, 0x00000000d6280000, 0x0000000100000000)
  eden space 7168K, 0% used [0x00000000d5580000,0x00000000d5580000,0x00000000d5c80000)
  from space 1024K, 57% used [0x00000000d6180000,0x00000000d6212910,0x00000000d6280000)
  to   space 1024K, 0% used [0x00000000d6080000,0x00000000d6080000,0x00000000d6180000)
 ParOldGen       total 121344K, used 120921K [0x0000000080000000, 0x0000000087680000, 0x00000000d5580000)
  object space 121344K, 99% used [0x0000000080000000,0x0000000087616428,0x0000000087680000)
 Metaspace       used 80846K, committed 82624K, reserved 1179648K
  class space    used 8216K, committed 9024K, reserved 1048576K
}
Event: 3871.014 GC heap before
{Heap before GC invocations=221 (full 4):
 PSYoungGen      total 8192K, used 7754K [0x00000000d5580000, 0x00000000d6280000, 0x0000000100000000)
  eden space 7168K, 99% used [0x00000000d5580000,0x00000000d5c7fff8,0x00000000d5c80000)
  from space 1024K, 57% used [0x00000000d6180000,0x00000000d6212910,0x00000000d6280000)
  to   space 1024K, 0% used [0x00000000d6080000,0x00000000d6080000,0x00000000d6180000)
 ParOldGen       total 121344K, used 120921K [0x0000000080000000, 0x0000000087680000, 0x00000000d5580000)
  object space 121344K, 99% used [0x0000000080000000,0x0000000087616428,0x0000000087680000)
 Metaspace       used 80861K, committed 82624K, reserved 1179648K
  class space    used 8216K, committed 9024K, reserved 1048576K
}
Event: 3871.015 GC heap after
{Heap after GC invocations=221 (full 4):
 PSYoungGen      total 8192K, used 144K [0x00000000d5580000, 0x00000000d6200000, 0x0000000100000000)
  eden space 7168K, 0% used [0x00000000d5580000,0x00000000d5580000,0x00000000d5c80000)
  from space 1024K, 14% used [0x00000000d6080000,0x00000000d60a4010,0x00000000d6180000)
  to   space 512K, 0% used [0x00000000d6180000,0x00000000d6180000,0x00000000d6200000)
 ParOldGen       total 121344K, used 120945K [0x0000000080000000, 0x0000000087680000, 0x00000000d5580000)
  object space 121344K, 99% used [0x0000000080000000,0x000000008761c428,0x0000000087680000)
 Metaspace       used 80861K, committed 82624K, reserved 1179648K
  class space    used 8216K, committed 9024K, reserved 1048576K
}
Event: 3871.457 GC heap before
{Heap before GC invocations=222 (full 4):
 PSYoungGen      total 8192K, used 7312K [0x00000000d5580000, 0x00000000d6200000, 0x0000000100000000)
  eden space 7168K, 100% used [0x00000000d5580000,0x00000000d5c80000,0x00000000d5c80000)
  from space 1024K, 14% used [0x00000000d6080000,0x00000000d60a4010,0x00000000d6180000)
  to   space 512K, 0% used [0x00000000d6180000,0x00000000d6180000,0x00000000d6200000)
 ParOldGen       total 121344K, used 120945K [0x0000000080000000, 0x0000000087680000, 0x00000000d5580000)
  object space 121344K, 99% used [0x0000000080000000,0x000000008761c428,0x0000000087680000)
 Metaspace       used 80887K, committed 82688K, reserved 1179648K
  class space    used 8216K, committed 9024K, reserved 1048576K
}
Event: 3871.460 GC heap after
{Heap after GC invocations=222 (full 4):
 PSYoungGen      total 7680K, used 505K [0x00000000d5580000, 0x00000000d6200000, 0x0000000100000000)
  eden space 7168K, 0% used [0x00000000d5580000,0x00000000d5580000,0x00000000d5c80000)
  from space 512K, 98% used [0x00000000d6180000,0x00000000d61fe410,0x00000000d6200000)
  to   space 1024K, 0% used [0x00000000d6000000,0x00000000d6000000,0x00000000d6100000)
 ParOldGen       total 121344K, used 121137K [0x0000000080000000, 0x0000000087680000, 0x00000000d5580000)
  object space 121344K, 99% used [0x0000000080000000,0x000000008764c428,0x0000000087680000)
 Metaspace       used 80887K, committed 82688K, reserved 1179648K
  class space    used 8216K, committed 9024K, reserved 1048576K
}

